<?xml version="1.0" encoding="UTF-8"?>
<testng-results ignored="0" total="1" passed="1" failed="0" skipped="0">
  <reporter-output>
  </reporter-output>
  <suite started-at="2023-02-07T21:29:38 CST" name="Default suite" finished-at="2023-02-07T21:29:45 CST" duration-ms="6939">
    <groups>
    </groups>
    <test started-at="2023-02-07T21:29:38 CST" name="Default test" finished-at="2023-02-07T21:29:45 CST" duration-ms="6939">
      <class name="package3.Test2">
        <test-method signature="test1()[pri:0, instance:package3.Test2@3bb9a3ff]" started-at="2023-02-07T21:29:38 CST" name="test1" finished-at="2023-02-07T21:29:45 CST" duration-ms="6884" status="PASS">
          <reporter-output>
          </reporter-output>
        </test-method> <!-- test1 -->
      </class> <!-- package3.Test2 -->
    </test> <!-- Default test -->
  </suite> <!-- Default suite -->
</testng-results>
