<?xml version="1.0" encoding="UTF-8"?>
<testng-results ignored="0" total="2" passed="2" failed="0" skipped="0">
  <reporter-output>
  </reporter-output>
  <suite started-at="2023-02-07T21:22:33 CST" name="Default suite" finished-at="2023-02-07T21:22:33 CST" duration-ms="82">
    <groups>
    </groups>
    <test started-at="2023-02-07T21:22:33 CST" name="Default test" finished-at="2023-02-07T21:22:33 CST" duration-ms="82">
      <class name="amazonHP.AmazonTest1">
        <test-method is-config="true" signature="setup()[pri:0, instance:amazonHP.AmazonTest1@5158b42f]" started-at="2023-02-07T21:22:33 CST" name="setup" finished-at="2023-02-07T21:22:33 CST" duration-ms="16" status="PASS">
          <reporter-output>
          </reporter-output>
        </test-method> <!-- setup -->
        <test-method signature="test1()[pri:0, instance:amazonHP.AmazonTest1@5158b42f]" started-at="2023-02-07T21:22:33 CST" name="test1" finished-at="2023-02-07T21:22:33 CST" duration-ms="6" status="PASS">
          <reporter-output>
          </reporter-output>
        </test-method> <!-- test1 -->
        <test-method signature="test2()[pri:1, instance:amazonHP.AmazonTest1@5158b42f]" started-at="2023-02-07T21:22:33 CST" name="test2" finished-at="2023-02-07T21:22:33 CST" duration-ms="3" status="PASS">
          <reporter-output>
          </reporter-output>
        </test-method> <!-- test2 -->
      </class> <!-- amazonHP.AmazonTest1 -->
    </test> <!-- Default test -->
  </suite> <!-- Default suite -->
</testng-results>
